<?xml version="1.0" encoding="UTF-8"?>
<!-- Generated by org.testng.reporters.JUnitReportReporter -->
<testsuite hostname="LAPTOP-76C6PJLM" failures="0" tests="1" name="stepDefs.CreateBookingDetails" time="3.704" errors="0" timestamp="2024-03-04T22:25:51 GMT" skipped="0">
  <testcase classname="stepDefs.CreateBookingDetails" name="BookingDetailsAPI" time="3.704"/>
  <system-out/>
</testsuite> <!-- stepDefs.CreateBookingDetails -->
