<?xml version="1.0" encoding="UTF-8"?>
<!-- Generated by org.testng.reporters.JUnitReportReporter -->
<testsuite hostname="LAPTOP-76C6PJLM" failures="0" tests="1" name="stepDefs.CreateBookingWithPojo" time="3.388" errors="0" timestamp="2024-03-05T17:21:16 GMT" skipped="0">
  <testcase classname="stepDefs.CreateBookingWithPojo" name="bookingWithPojoRequest" time="3.388"/>
  <system-out/>
</testsuite> <!-- stepDefs.CreateBookingWithPojo -->
